Mon 18 Apr 2022 12:38:13 INFO  phase          =      ['train', 'test']
Mon 18 Apr 2022 12:38:13 INFO  prefix         =      
Mon 18 Apr 2022 12:38:13 INFO  seed           =      2000
Mon 18 Apr 2022 12:38:13 INFO  is_finetune    =      0
Mon 18 Apr 2022 12:38:13 INFO  is_orthogonal  =      0
Mon 18 Apr 2022 12:38:13 INFO  dataset        =      tiktok
Mon 18 Apr 2022 12:38:13 INFO  out_log_dir    =      log
Mon 18 Apr 2022 12:38:13 INFO  best_ckpt_path =      runs/
Mon 18 Apr 2022 12:38:13 INFO  batch_size     =      512
Mon 18 Apr 2022 12:38:13 INFO  learner        =      adam
Mon 18 Apr 2022 12:38:13 INFO  learning_rate  =      0.001
Mon 18 Apr 2022 12:38:13 INFO  weight_decay   =      0
Mon 18 Apr 2022 12:38:13 INFO  max_seq_len    =      50
Mon 18 Apr 2022 12:38:13 INFO  user_inter_num_interval=      [5,inf)
Mon 18 Apr 2022 12:38:13 INFO  item_inter_num_interval=      [5,inf)
Mon 18 Apr 2022 12:38:13 INFO  test_step      =      100
Mon 18 Apr 2022 12:38:13 INFO  ks             =      [10, 20, 30, 40, 50, 60, 70, 80, 90, 100]
Mon 18 Apr 2022 12:38:13 INFO  topk           =      50
Mon 18 Apr 2022 12:38:13 INFO  max_epoch      =      200
Mon 18 Apr 2022 12:38:13 INFO  patience       =      15
Mon 18 Apr 2022 12:38:13 INFO  n_layers       =      2
Mon 18 Apr 2022 12:38:13 INFO  n_heads        =      2
Mon 18 Apr 2022 12:38:13 INFO  k_interests    =      20
Mon 18 Apr 2022 12:38:13 INFO  hidden_size    =      64
Mon 18 Apr 2022 12:38:13 INFO  inner_size     =      256
Mon 18 Apr 2022 12:38:13 INFO  hidden_dropout_prob=      0.5
Mon 18 Apr 2022 12:38:13 INFO  attn_dropout_prob=      0.5
Mon 18 Apr 2022 12:38:13 INFO  hidden_act     =      gelu
Mon 18 Apr 2022 12:38:13 INFO  layer_norm_eps =      1e-12
Mon 18 Apr 2022 12:38:13 INFO  initializer_range=      0.02
Mon 18 Apr 2022 12:38:13 INFO  loss_type      =      CE
Mon 18 Apr 2022 12:38:13 INFO  lmd            =      0.1
Mon 18 Apr 2022 12:38:13 INFO  tau            =      1
Mon 18 Apr 2022 12:38:13 INFO  sim            =      dot
Mon 18 Apr 2022 12:38:13 INFO  
Mon 18 Apr 2022 12:38:14 INFO  user_num is 30473
Mon 18 Apr 2022 12:38:14 INFO  item_num is 35715
Mon 18 Apr 2022 12:38:14 INFO  inter_num is 684204
Mon 18 Apr 2022 12:38:18 INFO  train data loaded
Mon 18 Apr 2022 12:38:20 INFO  valid data loaded
Mon 18 Apr 2022 12:38:22 INFO  test data loaded
Mon 18 Apr 2022 12:40:30 INFO  Epoch:1	loss:11255.792431
Mon 18 Apr 2022 12:40:32 INFO  Summary name recall@50 is illegal; using recall_50 instead.
Mon 18 Apr 2022 12:40:32 INFO  {'recall@10': 0.0254, 'recall@20': 0.0413, 'recall@30': 0.0562, 'recall@40': 0.0684, 'recall@50': 0.0776, 'recall@60': 0.0875, 'recall@70': 0.0969, 'recall@80': 0.1045, 'recall@90': 0.1112, 'recall@100': 0.1178, 'mrr@10': 0.009, 'mrr@20': 0.01, 'mrr@30': 0.0106, 'mrr@40': 0.011, 'mrr@50': 0.0112, 'mrr@60': 0.0114, 'mrr@70': 0.0115, 'mrr@80': 0.0116, 'mrr@90': 0.0117, 'mrr@100': 0.0117, 'ndcg@10': 0.0128, 'ndcg@20': 0.0167, 'ndcg@30': 0.0199, 'ndcg@40': 0.0223, 'ndcg@50': 0.0239, 'ndcg@60': 0.0256, 'ndcg@70': 0.0272, 'ndcg@80': 0.0284, 'ndcg@90': 0.0294, 'ndcg@100': 0.0304}
Mon 18 Apr 2022 12:42:46 INFO  Epoch:2	loss:10257.349085
Mon 18 Apr 2022 12:42:48 INFO  Summary name recall@50 is illegal; using recall_50 instead.
Mon 18 Apr 2022 12:42:48 INFO  {'recall@10': 0.0383, 'recall@20': 0.0602, 'recall@30': 0.0782, 'recall@40': 0.0929, 'recall@50': 0.1064, 'recall@60': 0.1179, 'recall@70': 0.1285, 'recall@80': 0.1386, 'recall@90': 0.1476, 'recall@100': 0.1563, 'mrr@10': 0.0145, 'mrr@20': 0.016, 'mrr@30': 0.0167, 'mrr@40': 0.0171, 'mrr@50': 0.0174, 'mrr@60': 0.0176, 'mrr@70': 0.0178, 'mrr@80': 0.0179, 'mrr@90': 0.018, 'mrr@100': 0.0181, 'ndcg@10': 0.02, 'ndcg@20': 0.0255, 'ndcg@30': 0.0293, 'ndcg@40': 0.0321, 'ndcg@50': 0.0346, 'ndcg@60': 0.0366, 'ndcg@70': 0.0383, 'ndcg@80': 0.0399, 'ndcg@90': 0.0413, 'ndcg@100': 0.0427}
Mon 18 Apr 2022 12:45:02 INFO  Epoch:3	loss:9842.850004
Mon 18 Apr 2022 12:45:03 INFO  Summary name recall@50 is illegal; using recall_50 instead.
Mon 18 Apr 2022 12:45:03 INFO  {'recall@10': 0.048, 'recall@20': 0.072, 'recall@30': 0.0893, 'recall@40': 0.1052, 'recall@50': 0.1198, 'recall@60': 0.132, 'recall@70': 0.1441, 'recall@80': 0.1542, 'recall@90': 0.1638, 'recall@100': 0.1733, 'mrr@10': 0.0205, 'mrr@20': 0.0221, 'mrr@30': 0.0228, 'mrr@40': 0.0233, 'mrr@50': 0.0236, 'mrr@60': 0.0238, 'mrr@70': 0.024, 'mrr@80': 0.0241, 'mrr@90': 0.0242, 'mrr@100': 0.0243, 'ndcg@10': 0.0269, 'ndcg@20': 0.0329, 'ndcg@30': 0.0366, 'ndcg@40': 0.0396, 'ndcg@50': 0.0423, 'ndcg@60': 0.0444, 'ndcg@70': 0.0464, 'ndcg@80': 0.048, 'ndcg@90': 0.0495, 'ndcg@100': 0.0509}
Mon 18 Apr 2022 12:47:17 INFO  Epoch:4	loss:9618.254362
Mon 18 Apr 2022 12:47:19 INFO  Summary name recall@50 is illegal; using recall_50 instead.
Mon 18 Apr 2022 12:47:19 INFO  {'recall@10': 0.0554, 'recall@20': 0.0796, 'recall@30': 0.0975, 'recall@40': 0.1126, 'recall@50': 0.1277, 'recall@60': 0.1399, 'recall@70': 0.1524, 'recall@80': 0.1632, 'recall@90': 0.1745, 'recall@100': 0.1844, 'mrr@10': 0.0268, 'mrr@20': 0.0284, 'mrr@30': 0.0292, 'mrr@40': 0.0296, 'mrr@50': 0.0299, 'mrr@60': 0.0301, 'mrr@70': 0.0303, 'mrr@80': 0.0305, 'mrr@90': 0.0306, 'mrr@100': 0.0307, 'ndcg@10': 0.0335, 'ndcg@20': 0.0395, 'ndcg@30': 0.0433, 'ndcg@40': 0.0463, 'ndcg@50': 0.049, 'ndcg@60': 0.0511, 'ndcg@70': 0.0531, 'ndcg@80': 0.0549, 'ndcg@90': 0.0566, 'ndcg@100': 0.0581}
Mon 18 Apr 2022 12:49:32 INFO  Epoch:5	loss:9464.482318
Mon 18 Apr 2022 12:49:33 INFO  Summary name recall@50 is illegal; using recall_50 instead.
Mon 18 Apr 2022 12:49:33 INFO  {'recall@10': 0.0581, 'recall@20': 0.082, 'recall@30': 0.1011, 'recall@40': 0.1172, 'recall@50': 0.1321, 'recall@60': 0.1455, 'recall@70': 0.1568, 'recall@80': 0.1681, 'recall@90': 0.1781, 'recall@100': 0.1876, 'mrr@10': 0.0308, 'mrr@20': 0.0324, 'mrr@30': 0.0332, 'mrr@40': 0.0337, 'mrr@50': 0.034, 'mrr@60': 0.0342, 'mrr@70': 0.0344, 'mrr@80': 0.0346, 'mrr@90': 0.0347, 'mrr@100': 0.0348, 'ndcg@10': 0.0372, 'ndcg@20': 0.0432, 'ndcg@30': 0.0472, 'ndcg@40': 0.0503, 'ndcg@50': 0.053, 'ndcg@60': 0.0553, 'ndcg@70': 0.0572, 'ndcg@80': 0.059, 'ndcg@90': 0.0606, 'ndcg@100': 0.062}
Mon 18 Apr 2022 12:51:47 INFO  Epoch:6	loss:9354.708050
Mon 18 Apr 2022 12:51:48 INFO  Summary name recall@50 is illegal; using recall_50 instead.
Mon 18 Apr 2022 12:51:48 INFO  {'recall@10': 0.0586, 'recall@20': 0.0826, 'recall@30': 0.1017, 'recall@40': 0.1187, 'recall@50': 0.1334, 'recall@60': 0.145, 'recall@70': 0.156, 'recall@80': 0.1664, 'recall@90': 0.1757, 'recall@100': 0.1848, 'mrr@10': 0.0324, 'mrr@20': 0.0341, 'mrr@30': 0.0348, 'mrr@40': 0.0353, 'mrr@50': 0.0356, 'mrr@60': 0.0359, 'mrr@70': 0.036, 'mrr@80': 0.0362, 'mrr@90': 0.0363, 'mrr@100': 0.0364, 'ndcg@10': 0.0385, 'ndcg@20': 0.0446, 'ndcg@30': 0.0486, 'ndcg@40': 0.0519, 'ndcg@50': 0.0546, 'ndcg@60': 0.0565, 'ndcg@70': 0.0584, 'ndcg@80': 0.06, 'ndcg@90': 0.0615, 'ndcg@100': 0.0628}
Mon 18 Apr 2022 12:54:04 INFO  Epoch:7	loss:9262.794070
Mon 18 Apr 2022 12:54:05 INFO  Summary name recall@50 is illegal; using recall_50 instead.
Mon 18 Apr 2022 12:54:05 INFO  {'recall@10': 0.0606, 'recall@20': 0.0842, 'recall@30': 0.1036, 'recall@40': 0.1215, 'recall@50': 0.1362, 'recall@60': 0.1485, 'recall@70': 0.1608, 'recall@80': 0.1712, 'recall@90': 0.1815, 'recall@100': 0.1919, 'mrr@10': 0.0342, 'mrr@20': 0.0358, 'mrr@30': 0.0366, 'mrr@40': 0.0371, 'mrr@50': 0.0374, 'mrr@60': 0.0376, 'mrr@70': 0.0378, 'mrr@80': 0.038, 'mrr@90': 0.0381, 'mrr@100': 0.0382, 'ndcg@10': 0.0403, 'ndcg@20': 0.0462, 'ndcg@30': 0.0504, 'ndcg@40': 0.0538, 'ndcg@50': 0.0565, 'ndcg@60': 0.0586, 'ndcg@70': 0.0606, 'ndcg@80': 0.0623, 'ndcg@90': 0.0639, 'ndcg@100': 0.0655}
Mon 18 Apr 2022 12:56:19 INFO  Epoch:8	loss:9193.255501
Mon 18 Apr 2022 12:56:20 INFO  Summary name recall@50 is illegal; using recall_50 instead.
Mon 18 Apr 2022 12:56:20 INFO  {'recall@10': 0.0605, 'recall@20': 0.0849, 'recall@30': 0.1042, 'recall@40': 0.1212, 'recall@50': 0.1358, 'recall@60': 0.1486, 'recall@70': 0.1602, 'recall@80': 0.1713, 'recall@90': 0.1816, 'recall@100': 0.1911, 'mrr@10': 0.0346, 'mrr@20': 0.0363, 'mrr@30': 0.037, 'mrr@40': 0.0375, 'mrr@50': 0.0378, 'mrr@60': 0.0381, 'mrr@70': 0.0382, 'mrr@80': 0.0384, 'mrr@90': 0.0385, 'mrr@100': 0.0386, 'ndcg@10': 0.0406, 'ndcg@20': 0.0467, 'ndcg@30': 0.0508, 'ndcg@40': 0.0541, 'ndcg@50': 0.0568, 'ndcg@60': 0.059, 'ndcg@70': 0.0609, 'ndcg@80': 0.0627, 'ndcg@90': 0.0643, 'ndcg@100': 0.0657}
Mon 18 Apr 2022 12:58:36 INFO  Epoch:9	loss:9136.561496
Mon 18 Apr 2022 12:58:37 INFO  Summary name recall@50 is illegal; using recall_50 instead.
Mon 18 Apr 2022 12:58:37 INFO  {'recall@10': 0.0604, 'recall@20': 0.0837, 'recall@30': 0.1021, 'recall@40': 0.1189, 'recall@50': 0.134, 'recall@60': 0.1479, 'recall@70': 0.16, 'recall@80': 0.1704, 'recall@90': 0.1807, 'recall@100': 0.1903, 'mrr@10': 0.0357, 'mrr@20': 0.0373, 'mrr@30': 0.038, 'mrr@40': 0.0385, 'mrr@50': 0.0388, 'mrr@60': 0.0391, 'mrr@70': 0.0393, 'mrr@80': 0.0394, 'mrr@90': 0.0395, 'mrr@100': 0.0396, 'ndcg@10': 0.0415, 'ndcg@20': 0.0473, 'ndcg@30': 0.0512, 'ndcg@40': 0.0545, 'ndcg@50': 0.0572, 'ndcg@60': 0.0596, 'ndcg@70': 0.0616, 'ndcg@80': 0.0632, 'ndcg@90': 0.0648, 'ndcg@100': 0.0663}
Mon 18 Apr 2022 13:00:52 INFO  Epoch:10	loss:9088.255956
Mon 18 Apr 2022 13:00:53 INFO  Summary name recall@50 is illegal; using recall_50 instead.
Mon 18 Apr 2022 13:00:53 INFO  {'recall@10': 0.0609, 'recall@20': 0.0849, 'recall@30': 0.1041, 'recall@40': 0.12, 'recall@50': 0.1354, 'recall@60': 0.1475, 'recall@70': 0.1599, 'recall@80': 0.1695, 'recall@90': 0.1802, 'recall@100': 0.1898, 'mrr@10': 0.0363, 'mrr@20': 0.0379, 'mrr@30': 0.0386, 'mrr@40': 0.0391, 'mrr@50': 0.0394, 'mrr@60': 0.0397, 'mrr@70': 0.0398, 'mrr@80': 0.04, 'mrr@90': 0.0401, 'mrr@100': 0.0402, 'ndcg@10': 0.042, 'ndcg@20': 0.048, 'ndcg@30': 0.0521, 'ndcg@40': 0.0551, 'ndcg@50': 0.0579, 'ndcg@60': 0.06, 'ndcg@70': 0.062, 'ndcg@80': 0.0636, 'ndcg@90': 0.0652, 'ndcg@100': 0.0667}
Mon 18 Apr 2022 13:03:06 INFO  Epoch:11	loss:9044.297224
Mon 18 Apr 2022 13:03:07 INFO  Summary name recall@50 is illegal; using recall_50 instead.
Mon 18 Apr 2022 13:03:07 INFO  {'recall@10': 0.061, 'recall@20': 0.0844, 'recall@30': 0.1025, 'recall@40': 0.1194, 'recall@50': 0.1332, 'recall@60': 0.1473, 'recall@70': 0.1594, 'recall@80': 0.1699, 'recall@90': 0.18, 'recall@100': 0.1905, 'mrr@10': 0.0369, 'mrr@20': 0.0385, 'mrr@30': 0.0392, 'mrr@40': 0.0397, 'mrr@50': 0.04, 'mrr@60': 0.0402, 'mrr@70': 0.0404, 'mrr@80': 0.0406, 'mrr@90': 0.0407, 'mrr@100': 0.0408, 'ndcg@10': 0.0425, 'ndcg@20': 0.0484, 'ndcg@30': 0.0522, 'ndcg@40': 0.0555, 'ndcg@50': 0.0579, 'ndcg@60': 0.0604, 'ndcg@70': 0.0624, 'ndcg@80': 0.064, 'ndcg@90': 0.0656, 'ndcg@100': 0.0672}
Mon 18 Apr 2022 13:05:22 INFO  Epoch:12	loss:9008.978491
Mon 18 Apr 2022 13:05:23 INFO  Summary name recall@50 is illegal; using recall_50 instead.
Mon 18 Apr 2022 13:05:23 INFO  {'recall@10': 0.0619, 'recall@20': 0.084, 'recall@30': 0.1031, 'recall@40': 0.1188, 'recall@50': 0.1334, 'recall@60': 0.1465, 'recall@70': 0.158, 'recall@80': 0.1689, 'recall@90': 0.1803, 'recall@100': 0.1892, 'mrr@10': 0.0373, 'mrr@20': 0.0388, 'mrr@30': 0.0395, 'mrr@40': 0.04, 'mrr@50': 0.0403, 'mrr@60': 0.0405, 'mrr@70': 0.0407, 'mrr@80': 0.0409, 'mrr@90': 0.041, 'mrr@100': 0.0411, 'ndcg@10': 0.043, 'ndcg@20': 0.0485, 'ndcg@30': 0.0526, 'ndcg@40': 0.0556, 'ndcg@50': 0.0582, 'ndcg@60': 0.0605, 'ndcg@70': 0.0624, 'ndcg@80': 0.0641, 'ndcg@90': 0.0659, 'ndcg@100': 0.0673}
Mon 18 Apr 2022 13:07:39 INFO  Epoch:13	loss:8975.159897
Mon 18 Apr 2022 13:07:40 INFO  Summary name recall@50 is illegal; using recall_50 instead.
Mon 18 Apr 2022 13:07:40 INFO  {'recall@10': 0.0608, 'recall@20': 0.0847, 'recall@30': 0.1043, 'recall@40': 0.1204, 'recall@50': 0.1349, 'recall@60': 0.1479, 'recall@70': 0.1595, 'recall@80': 0.1703, 'recall@90': 0.181, 'recall@100': 0.1907, 'mrr@10': 0.0371, 'mrr@20': 0.0387, 'mrr@30': 0.0395, 'mrr@40': 0.0399, 'mrr@50': 0.0402, 'mrr@60': 0.0405, 'mrr@70': 0.0407, 'mrr@80': 0.0408, 'mrr@90': 0.0409, 'mrr@100': 0.041, 'ndcg@10': 0.0426, 'ndcg@20': 0.0486, 'ndcg@30': 0.0527, 'ndcg@40': 0.0558, 'ndcg@50': 0.0584, 'ndcg@60': 0.0607, 'ndcg@70': 0.0626, 'ndcg@80': 0.0643, 'ndcg@90': 0.066, 'ndcg@100': 0.0675}
Mon 18 Apr 2022 13:09:54 INFO  Epoch:14	loss:8945.186644
Mon 18 Apr 2022 13:09:55 INFO  Summary name recall@50 is illegal; using recall_50 instead.
Mon 18 Apr 2022 13:09:55 INFO  {'recall@10': 0.0637, 'recall@20': 0.0859, 'recall@30': 0.1045, 'recall@40': 0.1212, 'recall@50': 0.1351, 'recall@60': 0.1484, 'recall@70': 0.1606, 'recall@80': 0.1728, 'recall@90': 0.1837, 'recall@100': 0.193, 'mrr@10': 0.0377, 'mrr@20': 0.0392, 'mrr@30': 0.0399, 'mrr@40': 0.0404, 'mrr@50': 0.0407, 'mrr@60': 0.0409, 'mrr@70': 0.0411, 'mrr@80': 0.0413, 'mrr@90': 0.0414, 'mrr@100': 0.0415, 'ndcg@10': 0.0437, 'ndcg@20': 0.0492, 'ndcg@30': 0.0532, 'ndcg@40': 0.0564, 'ndcg@50': 0.0589, 'ndcg@60': 0.0612, 'ndcg@70': 0.0632, 'ndcg@80': 0.0652, 'ndcg@90': 0.0669, 'ndcg@100': 0.0683}
Mon 18 Apr 2022 13:12:09 INFO  Epoch:15	loss:8921.844585
Mon 18 Apr 2022 13:12:10 INFO  Summary name recall@50 is illegal; using recall_50 instead.
Mon 18 Apr 2022 13:12:10 INFO  {'recall@10': 0.0634, 'recall@20': 0.0867, 'recall@30': 0.1043, 'recall@40': 0.1195, 'recall@50': 0.1336, 'recall@60': 0.1476, 'recall@70': 0.1598, 'recall@80': 0.1714, 'recall@90': 0.1822, 'recall@100': 0.1917, 'mrr@10': 0.0379, 'mrr@20': 0.0394, 'mrr@30': 0.0401, 'mrr@40': 0.0406, 'mrr@50': 0.0409, 'mrr@60': 0.0411, 'mrr@70': 0.0413, 'mrr@80': 0.0415, 'mrr@90': 0.0416, 'mrr@100': 0.0417, 'ndcg@10': 0.0438, 'ndcg@20': 0.0496, 'ndcg@30': 0.0533, 'ndcg@40': 0.0563, 'ndcg@50': 0.0588, 'ndcg@60': 0.0612, 'ndcg@70': 0.0632, 'ndcg@80': 0.0651, 'ndcg@90': 0.0668, 'ndcg@100': 0.0682}
Mon 18 Apr 2022 13:14:26 INFO  Epoch:16	loss:8899.512173
Mon 18 Apr 2022 13:14:27 INFO  Summary name recall@50 is illegal; using recall_50 instead.
Mon 18 Apr 2022 13:14:27 INFO  {'recall@10': 0.0611, 'recall@20': 0.086, 'recall@30': 0.1042, 'recall@40': 0.1218, 'recall@50': 0.1351, 'recall@60': 0.1473, 'recall@70': 0.1591, 'recall@80': 0.1714, 'recall@90': 0.182, 'recall@100': 0.1917, 'mrr@10': 0.0371, 'mrr@20': 0.0388, 'mrr@30': 0.0396, 'mrr@40': 0.0401, 'mrr@50': 0.0403, 'mrr@60': 0.0406, 'mrr@70': 0.0407, 'mrr@80': 0.0409, 'mrr@90': 0.041, 'mrr@100': 0.0411, 'ndcg@10': 0.0427, 'ndcg@20': 0.0489, 'ndcg@30': 0.0528, 'ndcg@40': 0.0562, 'ndcg@50': 0.0586, 'ndcg@60': 0.0607, 'ndcg@70': 0.0626, 'ndcg@80': 0.0646, 'ndcg@90': 0.0663, 'ndcg@100': 0.0677}
Mon 18 Apr 2022 13:16:40 INFO  Epoch:17	loss:8878.594167
Mon 18 Apr 2022 13:16:41 INFO  Summary name recall@50 is illegal; using recall_50 instead.
Mon 18 Apr 2022 13:16:41 INFO  {'recall@10': 0.0617, 'recall@20': 0.0846, 'recall@30': 0.1027, 'recall@40': 0.1192, 'recall@50': 0.1336, 'recall@60': 0.1455, 'recall@70': 0.1583, 'recall@80': 0.1699, 'recall@90': 0.1805, 'recall@100': 0.1911, 'mrr@10': 0.0375, 'mrr@20': 0.0391, 'mrr@30': 0.0398, 'mrr@40': 0.0403, 'mrr@50': 0.0406, 'mrr@60': 0.0408, 'mrr@70': 0.041, 'mrr@80': 0.0412, 'mrr@90': 0.0413, 'mrr@100': 0.0414, 'ndcg@10': 0.0431, 'ndcg@20': 0.0489, 'ndcg@30': 0.0527, 'ndcg@40': 0.0559, 'ndcg@50': 0.0585, 'ndcg@60': 0.0606, 'ndcg@70': 0.0627, 'ndcg@80': 0.0645, 'ndcg@90': 0.0662, 'ndcg@100': 0.0678}
Mon 18 Apr 2022 13:18:57 INFO  Epoch:18	loss:8859.322516
Mon 18 Apr 2022 13:18:58 INFO  Summary name recall@50 is illegal; using recall_50 instead.
Mon 18 Apr 2022 13:18:58 INFO  {'recall@10': 0.0605, 'recall@20': 0.0845, 'recall@30': 0.1034, 'recall@40': 0.1192, 'recall@50': 0.1344, 'recall@60': 0.1483, 'recall@70': 0.1603, 'recall@80': 0.1717, 'recall@90': 0.1823, 'recall@100': 0.1913, 'mrr@10': 0.0372, 'mrr@20': 0.0388, 'mrr@30': 0.0396, 'mrr@40': 0.04, 'mrr@50': 0.0404, 'mrr@60': 0.0406, 'mrr@70': 0.0408, 'mrr@80': 0.041, 'mrr@90': 0.0411, 'mrr@100': 0.0412, 'ndcg@10': 0.0426, 'ndcg@20': 0.0486, 'ndcg@30': 0.0526, 'ndcg@40': 0.0557, 'ndcg@50': 0.0584, 'ndcg@60': 0.0608, 'ndcg@70': 0.0628, 'ndcg@80': 0.0646, 'ndcg@90': 0.0663, 'ndcg@100': 0.0676}
Mon 18 Apr 2022 13:21:16 INFO  Epoch:19	loss:8840.680847
Mon 18 Apr 2022 13:21:17 INFO  Summary name recall@50 is illegal; using recall_50 instead.
Mon 18 Apr 2022 13:21:17 INFO  {'recall@10': 0.0635, 'recall@20': 0.0853, 'recall@30': 0.105, 'recall@40': 0.1211, 'recall@50': 0.1361, 'recall@60': 0.1507, 'recall@70': 0.1624, 'recall@80': 0.174, 'recall@90': 0.1842, 'recall@100': 0.1939, 'mrr@10': 0.0378, 'mrr@20': 0.0393, 'mrr@30': 0.04, 'mrr@40': 0.0405, 'mrr@50': 0.0408, 'mrr@60': 0.0411, 'mrr@70': 0.0413, 'mrr@80': 0.0414, 'mrr@90': 0.0416, 'mrr@100': 0.0417, 'ndcg@10': 0.0437, 'ndcg@20': 0.0492, 'ndcg@30': 0.0534, 'ndcg@40': 0.0565, 'ndcg@50': 0.0592, 'ndcg@60': 0.0617, 'ndcg@70': 0.0636, 'ndcg@80': 0.0655, 'ndcg@90': 0.0671, 'ndcg@100': 0.0685}
Mon 18 Apr 2022 13:23:29 INFO  Epoch:20	loss:8826.988893
Mon 18 Apr 2022 13:23:30 INFO  Summary name recall@50 is illegal; using recall_50 instead.
Mon 18 Apr 2022 13:23:30 INFO  {'recall@10': 0.062, 'recall@20': 0.085, 'recall@30': 0.104, 'recall@40': 0.1203, 'recall@50': 0.1359, 'recall@60': 0.1497, 'recall@70': 0.162, 'recall@80': 0.1744, 'recall@90': 0.1857, 'recall@100': 0.1967, 'mrr@10': 0.0377, 'mrr@20': 0.0392, 'mrr@30': 0.04, 'mrr@40': 0.0405, 'mrr@50': 0.0408, 'mrr@60': 0.0411, 'mrr@70': 0.0413, 'mrr@80': 0.0414, 'mrr@90': 0.0415, 'mrr@100': 0.0417, 'ndcg@10': 0.0433, 'ndcg@20': 0.0491, 'ndcg@30': 0.0531, 'ndcg@40': 0.0563, 'ndcg@50': 0.0591, 'ndcg@60': 0.0615, 'ndcg@70': 0.0635, 'ndcg@80': 0.0655, 'ndcg@90': 0.0672, 'ndcg@100': 0.0689}
Mon 18 Apr 2022 13:25:44 INFO  Epoch:21	loss:8809.297254
Mon 18 Apr 2022 13:25:45 INFO  Summary name recall@50 is illegal; using recall_50 instead.
Mon 18 Apr 2022 13:25:45 INFO  {'recall@10': 0.0604, 'recall@20': 0.0842, 'recall@30': 0.1043, 'recall@40': 0.1196, 'recall@50': 0.1349, 'recall@60': 0.1485, 'recall@70': 0.161, 'recall@80': 0.1718, 'recall@90': 0.1822, 'recall@100': 0.1928, 'mrr@10': 0.0374, 'mrr@20': 0.0391, 'mrr@30': 0.0399, 'mrr@40': 0.0403, 'mrr@50': 0.0406, 'mrr@60': 0.0409, 'mrr@70': 0.0411, 'mrr@80': 0.0412, 'mrr@90': 0.0413, 'mrr@100': 0.0414, 'ndcg@10': 0.0427, 'ndcg@20': 0.0487, 'ndcg@30': 0.053, 'ndcg@40': 0.0559, 'ndcg@50': 0.0587, 'ndcg@60': 0.061, 'ndcg@70': 0.0631, 'ndcg@80': 0.0648, 'ndcg@90': 0.0665, 'ndcg@100': 0.0681}
Mon 18 Apr 2022 13:27:57 INFO  Epoch:22	loss:8799.382253
Mon 18 Apr 2022 13:27:59 INFO  Summary name recall@50 is illegal; using recall_50 instead.
Mon 18 Apr 2022 13:27:59 INFO  {'recall@10': 0.0621, 'recall@20': 0.0854, 'recall@30': 0.1045, 'recall@40': 0.1227, 'recall@50': 0.1374, 'recall@60': 0.1508, 'recall@70': 0.1637, 'recall@80': 0.1748, 'recall@90': 0.186, 'recall@100': 0.1963, 'mrr@10': 0.0379, 'mrr@20': 0.0395, 'mrr@30': 0.0403, 'mrr@40': 0.0408, 'mrr@50': 0.0411, 'mrr@60': 0.0414, 'mrr@70': 0.0416, 'mrr@80': 0.0417, 'mrr@90': 0.0418, 'mrr@100': 0.0419, 'ndcg@10': 0.0435, 'ndcg@20': 0.0494, 'ndcg@30': 0.0534, 'ndcg@40': 0.0569, 'ndcg@50': 0.0596, 'ndcg@60': 0.0619, 'ndcg@70': 0.064, 'ndcg@80': 0.0658, 'ndcg@90': 0.0676, 'ndcg@100': 0.0691}
Mon 18 Apr 2022 13:30:13 INFO  Epoch:23	loss:8783.443190
Mon 18 Apr 2022 13:30:14 INFO  Summary name recall@50 is illegal; using recall_50 instead.
Mon 18 Apr 2022 13:30:14 INFO  {'recall@10': 0.0624, 'recall@20': 0.0861, 'recall@30': 0.105, 'recall@40': 0.1211, 'recall@50': 0.1358, 'recall@60': 0.1499, 'recall@70': 0.1615, 'recall@80': 0.1736, 'recall@90': 0.185, 'recall@100': 0.1952, 'mrr@10': 0.038, 'mrr@20': 0.0396, 'mrr@30': 0.0403, 'mrr@40': 0.0408, 'mrr@50': 0.0411, 'mrr@60': 0.0414, 'mrr@70': 0.0415, 'mrr@80': 0.0417, 'mrr@90': 0.0418, 'mrr@100': 0.042, 'ndcg@10': 0.0436, 'ndcg@20': 0.0496, 'ndcg@30': 0.0536, 'ndcg@40': 0.0567, 'ndcg@50': 0.0594, 'ndcg@60': 0.0618, 'ndcg@70': 0.0637, 'ndcg@80': 0.0656, 'ndcg@90': 0.0674, 'ndcg@100': 0.069}
Mon 18 Apr 2022 13:32:29 INFO  Epoch:24	loss:8770.147489
Mon 18 Apr 2022 13:32:30 INFO  Summary name recall@50 is illegal; using recall_50 instead.
Mon 18 Apr 2022 13:32:30 INFO  {'recall@10': 0.0622, 'recall@20': 0.0856, 'recall@30': 0.1053, 'recall@40': 0.122, 'recall@50': 0.1363, 'recall@60': 0.1505, 'recall@70': 0.1629, 'recall@80': 0.1744, 'recall@90': 0.1845, 'recall@100': 0.1944, 'mrr@10': 0.0377, 'mrr@20': 0.0393, 'mrr@30': 0.04, 'mrr@40': 0.0405, 'mrr@50': 0.0408, 'mrr@60': 0.0411, 'mrr@70': 0.0413, 'mrr@80': 0.0414, 'mrr@90': 0.0415, 'mrr@100': 0.0417, 'ndcg@10': 0.0433, 'ndcg@20': 0.0492, 'ndcg@30': 0.0534, 'ndcg@40': 0.0566, 'ndcg@50': 0.0592, 'ndcg@60': 0.0616, 'ndcg@70': 0.0637, 'ndcg@80': 0.0655, 'ndcg@90': 0.0671, 'ndcg@100': 0.0686}
Mon 18 Apr 2022 13:34:44 INFO  Epoch:25	loss:8760.520855
Mon 18 Apr 2022 13:34:45 INFO  Summary name recall@50 is illegal; using recall_50 instead.
Mon 18 Apr 2022 13:34:45 INFO  {'recall@10': 0.0631, 'recall@20': 0.0864, 'recall@30': 0.1058, 'recall@40': 0.1224, 'recall@50': 0.1382, 'recall@60': 0.1523, 'recall@70': 0.1659, 'recall@80': 0.1765, 'recall@90': 0.1885, 'recall@100': 0.1982, 'mrr@10': 0.0381, 'mrr@20': 0.0397, 'mrr@30': 0.0405, 'mrr@40': 0.041, 'mrr@50': 0.0413, 'mrr@60': 0.0416, 'mrr@70': 0.0418, 'mrr@80': 0.0419, 'mrr@90': 0.0421, 'mrr@100': 0.0422, 'ndcg@10': 0.0439, 'ndcg@20': 0.0497, 'ndcg@30': 0.0539, 'ndcg@40': 0.0571, 'ndcg@50': 0.0599, 'ndcg@60': 0.0624, 'ndcg@70': 0.0646, 'ndcg@80': 0.0663, 'ndcg@90': 0.0682, 'ndcg@100': 0.0696}
Mon 18 Apr 2022 13:36:59 INFO  Epoch:26	loss:8749.027522
Mon 18 Apr 2022 13:37:00 INFO  Summary name recall@50 is illegal; using recall_50 instead.
Mon 18 Apr 2022 13:37:00 INFO  {'recall@10': 0.0631, 'recall@20': 0.0848, 'recall@30': 0.1033, 'recall@40': 0.1211, 'recall@50': 0.1359, 'recall@60': 0.1482, 'recall@70': 0.1607, 'recall@80': 0.1729, 'recall@90': 0.1845, 'recall@100': 0.195, 'mrr@10': 0.0379, 'mrr@20': 0.0394, 'mrr@30': 0.0401, 'mrr@40': 0.0406, 'mrr@50': 0.041, 'mrr@60': 0.0412, 'mrr@70': 0.0414, 'mrr@80': 0.0416, 'mrr@90': 0.0417, 'mrr@100': 0.0418, 'ndcg@10': 0.0437, 'ndcg@20': 0.0492, 'ndcg@30': 0.0531, 'ndcg@40': 0.0565, 'ndcg@50': 0.0592, 'ndcg@60': 0.0613, 'ndcg@70': 0.0634, 'ndcg@80': 0.0654, 'ndcg@90': 0.0672, 'ndcg@100': 0.0688}
Mon 18 Apr 2022 13:39:16 INFO  Epoch:27	loss:8739.314616
Mon 18 Apr 2022 13:39:17 INFO  Summary name recall@50 is illegal; using recall_50 instead.
Mon 18 Apr 2022 13:39:17 INFO  {'recall@10': 0.0619, 'recall@20': 0.0851, 'recall@30': 0.1044, 'recall@40': 0.1201, 'recall@50': 0.1351, 'recall@60': 0.1489, 'recall@70': 0.1613, 'recall@80': 0.1729, 'recall@90': 0.1826, 'recall@100': 0.1939, 'mrr@10': 0.0379, 'mrr@20': 0.0395, 'mrr@30': 0.0402, 'mrr@40': 0.0407, 'mrr@50': 0.041, 'mrr@60': 0.0413, 'mrr@70': 0.0415, 'mrr@80': 0.0416, 'mrr@90': 0.0417, 'mrr@100': 0.0419, 'ndcg@10': 0.0435, 'ndcg@20': 0.0493, 'ndcg@30': 0.0534, 'ndcg@40': 0.0564, 'ndcg@50': 0.0591, 'ndcg@60': 0.0615, 'ndcg@70': 0.0635, 'ndcg@80': 0.0654, 'ndcg@90': 0.0669, 'ndcg@100': 0.0686}
Mon 18 Apr 2022 13:41:32 INFO  Epoch:28	loss:8729.250319
Mon 18 Apr 2022 13:41:34 INFO  Summary name recall@50 is illegal; using recall_50 instead.
Mon 18 Apr 2022 13:41:34 INFO  {'recall@10': 0.0624, 'recall@20': 0.0853, 'recall@30': 0.105, 'recall@40': 0.1211, 'recall@50': 0.1362, 'recall@60': 0.1484, 'recall@70': 0.1612, 'recall@80': 0.1723, 'recall@90': 0.1833, 'recall@100': 0.1938, 'mrr@10': 0.038, 'mrr@20': 0.0395, 'mrr@30': 0.0403, 'mrr@40': 0.0408, 'mrr@50': 0.0411, 'mrr@60': 0.0413, 'mrr@70': 0.0415, 'mrr@80': 0.0417, 'mrr@90': 0.0418, 'mrr@100': 0.0419, 'ndcg@10': 0.0436, 'ndcg@20': 0.0493, 'ndcg@30': 0.0535, 'ndcg@40': 0.0566, 'ndcg@50': 0.0594, 'ndcg@60': 0.0615, 'ndcg@70': 0.0636, 'ndcg@80': 0.0654, 'ndcg@90': 0.0671, 'ndcg@100': 0.0687}
Mon 18 Apr 2022 13:43:47 INFO  Epoch:29	loss:8720.208881
Mon 18 Apr 2022 13:43:48 INFO  Summary name recall@50 is illegal; using recall_50 instead.
Mon 18 Apr 2022 13:43:48 INFO  {'recall@10': 0.0605, 'recall@20': 0.0849, 'recall@30': 0.1035, 'recall@40': 0.1206, 'recall@50': 0.1351, 'recall@60': 0.1495, 'recall@70': 0.1624, 'recall@80': 0.1727, 'recall@90': 0.1833, 'recall@100': 0.1938, 'mrr@10': 0.0376, 'mrr@20': 0.0393, 'mrr@30': 0.04, 'mrr@40': 0.0405, 'mrr@50': 0.0408, 'mrr@60': 0.0411, 'mrr@70': 0.0413, 'mrr@80': 0.0414, 'mrr@90': 0.0415, 'mrr@100': 0.0416, 'ndcg@10': 0.0429, 'ndcg@20': 0.049, 'ndcg@30': 0.053, 'ndcg@40': 0.0563, 'ndcg@50': 0.0589, 'ndcg@60': 0.0614, 'ndcg@70': 0.0635, 'ndcg@80': 0.0651, 'ndcg@90': 0.0668, 'ndcg@100': 0.0684}
Mon 18 Apr 2022 13:46:00 INFO  Epoch:30	loss:8708.108062
Mon 18 Apr 2022 13:46:02 INFO  Summary name recall@50 is illegal; using recall_50 instead.
Mon 18 Apr 2022 13:46:02 INFO  {'recall@10': 0.0617, 'recall@20': 0.0859, 'recall@30': 0.1064, 'recall@40': 0.1228, 'recall@50': 0.1378, 'recall@60': 0.1507, 'recall@70': 0.1632, 'recall@80': 0.174, 'recall@90': 0.1848, 'recall@100': 0.1954, 'mrr@10': 0.0377, 'mrr@20': 0.0393, 'mrr@30': 0.0401, 'mrr@40': 0.0406, 'mrr@50': 0.0409, 'mrr@60': 0.0412, 'mrr@70': 0.0414, 'mrr@80': 0.0415, 'mrr@90': 0.0416, 'mrr@100': 0.0417, 'ndcg@10': 0.0432, 'ndcg@20': 0.0493, 'ndcg@30': 0.0537, 'ndcg@40': 0.0568, 'ndcg@50': 0.0595, 'ndcg@60': 0.0617, 'ndcg@70': 0.0638, 'ndcg@80': 0.0655, 'ndcg@90': 0.0672, 'ndcg@100': 0.0688}
Mon 18 Apr 2022 13:48:16 INFO  Epoch:31	loss:8702.845386
Mon 18 Apr 2022 13:48:17 INFO  Summary name recall@50 is illegal; using recall_50 instead.
Mon 18 Apr 2022 13:48:17 INFO  {'recall@10': 0.0613, 'recall@20': 0.0844, 'recall@30': 0.1041, 'recall@40': 0.1212, 'recall@50': 0.136, 'recall@60': 0.1492, 'recall@70': 0.1612, 'recall@80': 0.1733, 'recall@90': 0.1837, 'recall@100': 0.1938, 'mrr@10': 0.0375, 'mrr@20': 0.039, 'mrr@30': 0.0398, 'mrr@40': 0.0403, 'mrr@50': 0.0406, 'mrr@60': 0.0409, 'mrr@70': 0.0411, 'mrr@80': 0.0412, 'mrr@90': 0.0414, 'mrr@100': 0.0415, 'ndcg@10': 0.043, 'ndcg@20': 0.0488, 'ndcg@30': 0.053, 'ndcg@40': 0.0563, 'ndcg@50': 0.0589, 'ndcg@60': 0.0612, 'ndcg@70': 0.0632, 'ndcg@80': 0.0651, 'ndcg@90': 0.0667, 'ndcg@100': 0.0683}
Mon 18 Apr 2022 13:50:31 INFO  Epoch:32	loss:8692.624909
Mon 18 Apr 2022 13:50:32 INFO  Summary name recall@50 is illegal; using recall_50 instead.
Mon 18 Apr 2022 13:50:32 INFO  {'recall@10': 0.0619, 'recall@20': 0.0848, 'recall@30': 0.1042, 'recall@40': 0.1209, 'recall@50': 0.1347, 'recall@60': 0.1493, 'recall@70': 0.162, 'recall@80': 0.1734, 'recall@90': 0.184, 'recall@100': 0.1942, 'mrr@10': 0.0374, 'mrr@20': 0.039, 'mrr@30': 0.0398, 'mrr@40': 0.0402, 'mrr@50': 0.0405, 'mrr@60': 0.0408, 'mrr@70': 0.041, 'mrr@80': 0.0411, 'mrr@90': 0.0413, 'mrr@100': 0.0414, 'ndcg@10': 0.0431, 'ndcg@20': 0.0488, 'ndcg@30': 0.0529, 'ndcg@40': 0.0562, 'ndcg@50': 0.0587, 'ndcg@60': 0.0612, 'ndcg@70': 0.0633, 'ndcg@80': 0.0651, 'ndcg@90': 0.0667, 'ndcg@100': 0.0683}
Mon 18 Apr 2022 13:52:44 INFO  Epoch:33	loss:8688.340257
Mon 18 Apr 2022 13:52:45 INFO  Summary name recall@50 is illegal; using recall_50 instead.
Mon 18 Apr 2022 13:52:45 INFO  {'recall@10': 0.0616, 'recall@20': 0.0857, 'recall@30': 0.1044, 'recall@40': 0.1208, 'recall@50': 0.1361, 'recall@60': 0.1506, 'recall@70': 0.1634, 'recall@80': 0.1755, 'recall@90': 0.1861, 'recall@100': 0.1973, 'mrr@10': 0.0377, 'mrr@20': 0.0394, 'mrr@30': 0.0401, 'mrr@40': 0.0406, 'mrr@50': 0.0409, 'mrr@60': 0.0412, 'mrr@70': 0.0414, 'mrr@80': 0.0415, 'mrr@90': 0.0417, 'mrr@100': 0.0418, 'ndcg@10': 0.0433, 'ndcg@20': 0.0493, 'ndcg@30': 0.0533, 'ndcg@40': 0.0564, 'ndcg@50': 0.0592, 'ndcg@60': 0.0617, 'ndcg@70': 0.0638, 'ndcg@80': 0.0657, 'ndcg@90': 0.0674, 'ndcg@100': 0.0691}
Mon 18 Apr 2022 13:54:57 INFO  Epoch:34	loss:8676.162432
Mon 18 Apr 2022 13:54:58 INFO  Summary name recall@50 is illegal; using recall_50 instead.
Mon 18 Apr 2022 13:54:58 INFO  {'recall@10': 0.0613, 'recall@20': 0.086, 'recall@30': 0.1052, 'recall@40': 0.1219, 'recall@50': 0.1374, 'recall@60': 0.1518, 'recall@70': 0.1646, 'recall@80': 0.1762, 'recall@90': 0.1869, 'recall@100': 0.1968, 'mrr@10': 0.0375, 'mrr@20': 0.0392, 'mrr@30': 0.0399, 'mrr@40': 0.0404, 'mrr@50': 0.0408, 'mrr@60': 0.041, 'mrr@70': 0.0412, 'mrr@80': 0.0414, 'mrr@90': 0.0415, 'mrr@100': 0.0416, 'ndcg@10': 0.043, 'ndcg@20': 0.0492, 'ndcg@30': 0.0533, 'ndcg@40': 0.0565, 'ndcg@50': 0.0593, 'ndcg@60': 0.0618, 'ndcg@70': 0.0639, 'ndcg@80': 0.0658, 'ndcg@90': 0.0674, 'ndcg@100': 0.0689}
Mon 18 Apr 2022 13:57:11 INFO  Epoch:35	loss:8670.355124
Mon 18 Apr 2022 13:57:12 INFO  Summary name recall@50 is illegal; using recall_50 instead.
Mon 18 Apr 2022 13:57:12 INFO  {'recall@10': 0.0618, 'recall@20': 0.0864, 'recall@30': 0.1065, 'recall@40': 0.1238, 'recall@50': 0.1392, 'recall@60': 0.1529, 'recall@70': 0.1651, 'recall@80': 0.1763, 'recall@90': 0.1882, 'recall@100': 0.1983, 'mrr@10': 0.038, 'mrr@20': 0.0397, 'mrr@30': 0.0405, 'mrr@40': 0.041, 'mrr@50': 0.0413, 'mrr@60': 0.0416, 'mrr@70': 0.0418, 'mrr@80': 0.0419, 'mrr@90': 0.0421, 'mrr@100': 0.0422, 'ndcg@10': 0.0435, 'ndcg@20': 0.0497, 'ndcg@30': 0.054, 'ndcg@40': 0.0573, 'ndcg@50': 0.0601, 'ndcg@60': 0.0625, 'ndcg@70': 0.0645, 'ndcg@80': 0.0663, 'ndcg@90': 0.0681, 'ndcg@100': 0.0696}
Mon 18 Apr 2022 13:59:13 INFO  Epoch:36	loss:8664.374929
Mon 18 Apr 2022 13:59:14 INFO  Summary name recall@50 is illegal; using recall_50 instead.
Mon 18 Apr 2022 13:59:14 INFO  {'recall@10': 0.0608, 'recall@20': 0.0835, 'recall@30': 0.1034, 'recall@40': 0.1212, 'recall@50': 0.1366, 'recall@60': 0.1497, 'recall@70': 0.1619, 'recall@80': 0.1729, 'recall@90': 0.1833, 'recall@100': 0.1937, 'mrr@10': 0.0375, 'mrr@20': 0.0391, 'mrr@30': 0.0399, 'mrr@40': 0.0404, 'mrr@50': 0.0407, 'mrr@60': 0.0409, 'mrr@70': 0.0411, 'mrr@80': 0.0413, 'mrr@90': 0.0414, 'mrr@100': 0.0415, 'ndcg@10': 0.0429, 'ndcg@20': 0.0486, 'ndcg@30': 0.0528, 'ndcg@40': 0.0562, 'ndcg@50': 0.059, 'ndcg@60': 0.0613, 'ndcg@70': 0.0633, 'ndcg@80': 0.065, 'ndcg@90': 0.0667, 'ndcg@100': 0.0682}
Mon 18 Apr 2022 14:01:13 INFO  Epoch:37	loss:8657.986812
Mon 18 Apr 2022 14:01:15 INFO  Summary name recall@50 is illegal; using recall_50 instead.
Mon 18 Apr 2022 14:01:15 INFO  {'recall@10': 0.0621, 'recall@20': 0.0855, 'recall@30': 0.1042, 'recall@40': 0.1219, 'recall@50': 0.137, 'recall@60': 0.1514, 'recall@70': 0.1645, 'recall@80': 0.1759, 'recall@90': 0.1864, 'recall@100': 0.1968, 'mrr@10': 0.0377, 'mrr@20': 0.0393, 'mrr@30': 0.04, 'mrr@40': 0.0405, 'mrr@50': 0.0408, 'mrr@60': 0.0411, 'mrr@70': 0.0413, 'mrr@80': 0.0415, 'mrr@90': 0.0416, 'mrr@100': 0.0417, 'ndcg@10': 0.0433, 'ndcg@20': 0.0492, 'ndcg@30': 0.0532, 'ndcg@40': 0.0566, 'ndcg@50': 0.0593, 'ndcg@60': 0.0618, 'ndcg@70': 0.0639, 'ndcg@80': 0.0658, 'ndcg@90': 0.0674, 'ndcg@100': 0.069}
Mon 18 Apr 2022 14:03:29 INFO  Epoch:38	loss:8649.507875
Mon 18 Apr 2022 14:03:30 INFO  Summary name recall@50 is illegal; using recall_50 instead.
Mon 18 Apr 2022 14:03:30 INFO  {'recall@10': 0.0615, 'recall@20': 0.0859, 'recall@30': 0.1048, 'recall@40': 0.1206, 'recall@50': 0.1352, 'recall@60': 0.1481, 'recall@70': 0.1603, 'recall@80': 0.1723, 'recall@90': 0.1834, 'recall@100': 0.1938, 'mrr@10': 0.0379, 'mrr@20': 0.0395, 'mrr@30': 0.0403, 'mrr@40': 0.0407, 'mrr@50': 0.0411, 'mrr@60': 0.0413, 'mrr@70': 0.0415, 'mrr@80': 0.0416, 'mrr@90': 0.0418, 'mrr@100': 0.0419, 'ndcg@10': 0.0433, 'ndcg@20': 0.0495, 'ndcg@30': 0.0535, 'ndcg@40': 0.0565, 'ndcg@50': 0.0592, 'ndcg@60': 0.0614, 'ndcg@70': 0.0634, 'ndcg@80': 0.0653, 'ndcg@90': 0.067, 'ndcg@100': 0.0686}
Mon 18 Apr 2022 14:05:41 INFO  Epoch:39	loss:8643.194157
Mon 18 Apr 2022 14:05:43 INFO  Summary name recall@50 is illegal; using recall_50 instead.
Mon 18 Apr 2022 14:05:43 INFO  {'recall@10': 0.0614, 'recall@20': 0.0856, 'recall@30': 0.1047, 'recall@40': 0.122, 'recall@50': 0.138, 'recall@60': 0.1517, 'recall@70': 0.1642, 'recall@80': 0.1755, 'recall@90': 0.1869, 'recall@100': 0.1972, 'mrr@10': 0.0378, 'mrr@20': 0.0395, 'mrr@30': 0.0402, 'mrr@40': 0.0407, 'mrr@50': 0.0411, 'mrr@60': 0.0413, 'mrr@70': 0.0415, 'mrr@80': 0.0417, 'mrr@90': 0.0418, 'mrr@100': 0.0419, 'ndcg@10': 0.0433, 'ndcg@20': 0.0493, 'ndcg@30': 0.0534, 'ndcg@40': 0.0567, 'ndcg@50': 0.0596, 'ndcg@60': 0.062, 'ndcg@70': 0.064, 'ndcg@80': 0.0659, 'ndcg@90': 0.0676, 'ndcg@100': 0.0692}
Mon 18 Apr 2022 14:07:54 INFO  Epoch:40	loss:8638.067980
Mon 18 Apr 2022 14:07:56 INFO  Summary name recall@50 is illegal; using recall_50 instead.
Mon 18 Apr 2022 14:07:56 INFO  {'recall@10': 0.0619, 'recall@20': 0.0861, 'recall@30': 0.1061, 'recall@40': 0.1226, 'recall@50': 0.138, 'recall@60': 0.1541, 'recall@70': 0.1654, 'recall@80': 0.1764, 'recall@90': 0.1871, 'recall@100': 0.1978, 'mrr@10': 0.0379, 'mrr@20': 0.0395, 'mrr@30': 0.0403, 'mrr@40': 0.0408, 'mrr@50': 0.0411, 'mrr@60': 0.0414, 'mrr@70': 0.0416, 'mrr@80': 0.0417, 'mrr@90': 0.0419, 'mrr@100': 0.042, 'ndcg@10': 0.0434, 'ndcg@20': 0.0495, 'ndcg@30': 0.0537, 'ndcg@40': 0.0569, 'ndcg@50': 0.0597, 'ndcg@60': 0.0625, 'ndcg@70': 0.0643, 'ndcg@80': 0.0661, 'ndcg@90': 0.0678, 'ndcg@100': 0.0694}
Mon 18 Apr 2022 14:10:09 INFO  Epoch:41	loss:8636.865022
Mon 18 Apr 2022 14:10:10 INFO  Summary name recall@50 is illegal; using recall_50 instead.
Mon 18 Apr 2022 14:10:10 INFO  {'recall@10': 0.0615, 'recall@20': 0.0864, 'recall@30': 0.1064, 'recall@40': 0.1235, 'recall@50': 0.138, 'recall@60': 0.1515, 'recall@70': 0.1653, 'recall@80': 0.1782, 'recall@90': 0.1892, 'recall@100': 0.1991, 'mrr@10': 0.0378, 'mrr@20': 0.0395, 'mrr@30': 0.0403, 'mrr@40': 0.0408, 'mrr@50': 0.0411, 'mrr@60': 0.0413, 'mrr@70': 0.0415, 'mrr@80': 0.0417, 'mrr@90': 0.0418, 'mrr@100': 0.0419, 'ndcg@10': 0.0433, 'ndcg@20': 0.0495, 'ndcg@30': 0.0537, 'ndcg@40': 0.0571, 'ndcg@50': 0.0597, 'ndcg@60': 0.062, 'ndcg@70': 0.0643, 'ndcg@80': 0.0663, 'ndcg@90': 0.068, 'ndcg@100': 0.0695}
Mon 18 Apr 2022 14:12:23 INFO  Epoch:42	loss:8628.756183
Mon 18 Apr 2022 14:12:24 INFO  Summary name recall@50 is illegal; using recall_50 instead.
Mon 18 Apr 2022 14:12:24 INFO  {'recall@10': 0.0615, 'recall@20': 0.0861, 'recall@30': 0.1036, 'recall@40': 0.1211, 'recall@50': 0.1359, 'recall@60': 0.1509, 'recall@70': 0.1641, 'recall@80': 0.1763, 'recall@90': 0.1873, 'recall@100': 0.1971, 'mrr@10': 0.0377, 'mrr@20': 0.0393, 'mrr@30': 0.04, 'mrr@40': 0.0405, 'mrr@50': 0.0408, 'mrr@60': 0.0411, 'mrr@70': 0.0413, 'mrr@80': 0.0415, 'mrr@90': 0.0416, 'mrr@100': 0.0417, 'ndcg@10': 0.0432, 'ndcg@20': 0.0493, 'ndcg@30': 0.0531, 'ndcg@40': 0.0564, 'ndcg@50': 0.0591, 'ndcg@60': 0.0617, 'ndcg@70': 0.0639, 'ndcg@80': 0.0658, 'ndcg@90': 0.0675, 'ndcg@100': 0.069}
Mon 18 Apr 2022 14:14:37 INFO  Epoch:43	loss:8626.546607
Mon 18 Apr 2022 14:14:38 INFO  Summary name recall@50 is illegal; using recall_50 instead.
Mon 18 Apr 2022 14:14:38 INFO  {'recall@10': 0.0612, 'recall@20': 0.0868, 'recall@30': 0.1057, 'recall@40': 0.1215, 'recall@50': 0.1375, 'recall@60': 0.1514, 'recall@70': 0.1649, 'recall@80': 0.1764, 'recall@90': 0.187, 'recall@100': 0.1971, 'mrr@10': 0.0378, 'mrr@20': 0.0395, 'mrr@30': 0.0403, 'mrr@40': 0.0408, 'mrr@50': 0.0411, 'mrr@60': 0.0414, 'mrr@70': 0.0416, 'mrr@80': 0.0417, 'mrr@90': 0.0418, 'mrr@100': 0.0419, 'ndcg@10': 0.0432, 'ndcg@20': 0.0496, 'ndcg@30': 0.0537, 'ndcg@40': 0.0567, 'ndcg@50': 0.0596, 'ndcg@60': 0.062, 'ndcg@70': 0.0642, 'ndcg@80': 0.0661, 'ndcg@90': 0.0677, 'ndcg@100': 0.0692}
Mon 18 Apr 2022 14:16:52 INFO  Epoch:44	loss:8617.610745
Mon 18 Apr 2022 14:16:53 INFO  Summary name recall@50 is illegal; using recall_50 instead.
Mon 18 Apr 2022 14:16:53 INFO  {'recall@10': 0.0613, 'recall@20': 0.0852, 'recall@30': 0.1044, 'recall@40': 0.1216, 'recall@50': 0.1362, 'recall@60': 0.1504, 'recall@70': 0.1646, 'recall@80': 0.1757, 'recall@90': 0.1867, 'recall@100': 0.198, 'mrr@10': 0.0378, 'mrr@20': 0.0394, 'mrr@30': 0.0402, 'mrr@40': 0.0407, 'mrr@50': 0.041, 'mrr@60': 0.0412, 'mrr@70': 0.0415, 'mrr@80': 0.0416, 'mrr@90': 0.0417, 'mrr@100': 0.0418, 'ndcg@10': 0.0432, 'ndcg@20': 0.0492, 'ndcg@30': 0.0533, 'ndcg@40': 0.0566, 'ndcg@50': 0.0593, 'ndcg@60': 0.0617, 'ndcg@70': 0.0641, 'ndcg@80': 0.0658, 'ndcg@90': 0.0675, 'ndcg@100': 0.0692}
Mon 18 Apr 2022 14:19:06 INFO  Epoch:45	loss:8615.514794
Mon 18 Apr 2022 14:19:08 INFO  Summary name recall@50 is illegal; using recall_50 instead.
Mon 18 Apr 2022 14:19:08 INFO  {'recall@10': 0.0626, 'recall@20': 0.0864, 'recall@30': 0.1051, 'recall@40': 0.1226, 'recall@50': 0.1374, 'recall@60': 0.1506, 'recall@70': 0.1637, 'recall@80': 0.1763, 'recall@90': 0.1868, 'recall@100': 0.1979, 'mrr@10': 0.038, 'mrr@20': 0.0396, 'mrr@30': 0.0404, 'mrr@40': 0.0409, 'mrr@50': 0.0412, 'mrr@60': 0.0414, 'mrr@70': 0.0416, 'mrr@80': 0.0418, 'mrr@90': 0.0419, 'mrr@100': 0.042, 'ndcg@10': 0.0437, 'ndcg@20': 0.0497, 'ndcg@30': 0.0537, 'ndcg@40': 0.057, 'ndcg@50': 0.0597, 'ndcg@60': 0.062, 'ndcg@70': 0.0641, 'ndcg@80': 0.0661, 'ndcg@90': 0.0678, 'ndcg@100': 0.0695}
Mon 18 Apr 2022 14:21:19 INFO  Epoch:46	loss:8608.956079
Mon 18 Apr 2022 14:21:21 INFO  Summary name recall@50 is illegal; using recall_50 instead.
Mon 18 Apr 2022 14:21:21 INFO  {'recall@10': 0.0614, 'recall@20': 0.0855, 'recall@30': 0.1049, 'recall@40': 0.1205, 'recall@50': 0.1353, 'recall@60': 0.1489, 'recall@70': 0.1608, 'recall@80': 0.1733, 'recall@90': 0.1847, 'recall@100': 0.1949, 'mrr@10': 0.0378, 'mrr@20': 0.0395, 'mrr@30': 0.0402, 'mrr@40': 0.0407, 'mrr@50': 0.041, 'mrr@60': 0.0412, 'mrr@70': 0.0414, 'mrr@80': 0.0416, 'mrr@90': 0.0417, 'mrr@100': 0.0418, 'ndcg@10': 0.0433, 'ndcg@20': 0.0493, 'ndcg@30': 0.0534, 'ndcg@40': 0.0564, 'ndcg@50': 0.0591, 'ndcg@60': 0.0614, 'ndcg@70': 0.0634, 'ndcg@80': 0.0654, 'ndcg@90': 0.0672, 'ndcg@100': 0.0687}
Mon 18 Apr 2022 14:23:35 INFO  Epoch:47	loss:8606.196683
Mon 18 Apr 2022 14:23:36 INFO  Summary name recall@50 is illegal; using recall_50 instead.
Mon 18 Apr 2022 14:23:36 INFO  {'recall@10': 0.0617, 'recall@20': 0.0847, 'recall@30': 0.1039, 'recall@40': 0.1212, 'recall@50': 0.1363, 'recall@60': 0.1495, 'recall@70': 0.1622, 'recall@80': 0.1734, 'recall@90': 0.1841, 'recall@100': 0.1952, 'mrr@10': 0.0379, 'mrr@20': 0.0394, 'mrr@30': 0.0402, 'mrr@40': 0.0407, 'mrr@50': 0.041, 'mrr@60': 0.0413, 'mrr@70': 0.0415, 'mrr@80': 0.0416, 'mrr@90': 0.0417, 'mrr@100': 0.0419, 'ndcg@10': 0.0434, 'ndcg@20': 0.0492, 'ndcg@30': 0.0532, 'ndcg@40': 0.0566, 'ndcg@50': 0.0593, 'ndcg@60': 0.0616, 'ndcg@70': 0.0637, 'ndcg@80': 0.0654, 'ndcg@90': 0.0671, 'ndcg@100': 0.0688}
Mon 18 Apr 2022 14:25:52 INFO  Epoch:48	loss:8601.810151
Mon 18 Apr 2022 14:25:53 INFO  Summary name recall@50 is illegal; using recall_50 instead.
Mon 18 Apr 2022 14:25:53 INFO  {'recall@10': 0.062, 'recall@20': 0.085, 'recall@30': 0.1051, 'recall@40': 0.1218, 'recall@50': 0.138, 'recall@60': 0.1516, 'recall@70': 0.1641, 'recall@80': 0.175, 'recall@90': 0.1865, 'recall@100': 0.1975, 'mrr@10': 0.0378, 'mrr@20': 0.0393, 'mrr@30': 0.0401, 'mrr@40': 0.0406, 'mrr@50': 0.041, 'mrr@60': 0.0412, 'mrr@70': 0.0414, 'mrr@80': 0.0415, 'mrr@90': 0.0417, 'mrr@100': 0.0418, 'ndcg@10': 0.0434, 'ndcg@20': 0.0491, 'ndcg@30': 0.0534, 'ndcg@40': 0.0566, 'ndcg@50': 0.0595, 'ndcg@60': 0.0619, 'ndcg@70': 0.064, 'ndcg@80': 0.0657, 'ndcg@90': 0.0675, 'ndcg@100': 0.0691}
Mon 18 Apr 2022 14:28:09 INFO  Epoch:49	loss:8595.835330
Mon 18 Apr 2022 14:28:10 INFO  Summary name recall@50 is illegal; using recall_50 instead.
Mon 18 Apr 2022 14:28:10 INFO  {'recall@10': 0.0613, 'recall@20': 0.0859, 'recall@30': 0.1056, 'recall@40': 0.122, 'recall@50': 0.1376, 'recall@60': 0.1522, 'recall@70': 0.165, 'recall@80': 0.177, 'recall@90': 0.1872, 'recall@100': 0.1977, 'mrr@10': 0.0377, 'mrr@20': 0.0393, 'mrr@30': 0.0401, 'mrr@40': 0.0406, 'mrr@50': 0.0409, 'mrr@60': 0.0412, 'mrr@70': 0.0414, 'mrr@80': 0.0415, 'mrr@90': 0.0416, 'mrr@100': 0.0418, 'ndcg@10': 0.0431, 'ndcg@20': 0.0493, 'ndcg@30': 0.0534, 'ndcg@40': 0.0566, 'ndcg@50': 0.0594, 'ndcg@60': 0.0619, 'ndcg@70': 0.0641, 'ndcg@80': 0.066, 'ndcg@90': 0.0676, 'ndcg@100': 0.0692}
Mon 18 Apr 2022 14:30:23 INFO  Epoch:50	loss:8594.617984
Mon 18 Apr 2022 14:30:25 INFO  Summary name recall@50 is illegal; using recall_50 instead.
Mon 18 Apr 2022 14:30:25 INFO  {'recall@10': 0.0605, 'recall@20': 0.0841, 'recall@30': 0.1054, 'recall@40': 0.1224, 'recall@50': 0.1375, 'recall@60': 0.1513, 'recall@70': 0.1653, 'recall@80': 0.1769, 'recall@90': 0.1882, 'recall@100': 0.1989, 'mrr@10': 0.0377, 'mrr@20': 0.0393, 'mrr@30': 0.0401, 'mrr@40': 0.0406, 'mrr@50': 0.0409, 'mrr@60': 0.0412, 'mrr@70': 0.0414, 'mrr@80': 0.0416, 'mrr@90': 0.0417, 'mrr@100': 0.0418, 'ndcg@10': 0.043, 'ndcg@20': 0.0489, 'ndcg@30': 0.0534, 'ndcg@40': 0.0567, 'ndcg@50': 0.0594, 'ndcg@60': 0.0618, 'ndcg@70': 0.0641, 'ndcg@80': 0.066, 'ndcg@90': 0.0677, 'ndcg@100': 0.0693}
Mon 18 Apr 2022 14:32:38 INFO  Epoch:51	loss:8589.551322
Mon 18 Apr 2022 14:32:39 INFO  Summary name recall@50 is illegal; using recall_50 instead.
Mon 18 Apr 2022 14:32:39 INFO  {'recall@10': 0.0609, 'recall@20': 0.085, 'recall@30': 0.1044, 'recall@40': 0.1234, 'recall@50': 0.1388, 'recall@60': 0.1523, 'recall@70': 0.1653, 'recall@80': 0.1774, 'recall@90': 0.1876, 'recall@100': 0.1978, 'mrr@10': 0.0376, 'mrr@20': 0.0393, 'mrr@30': 0.04, 'mrr@40': 0.0406, 'mrr@50': 0.0409, 'mrr@60': 0.0412, 'mrr@70': 0.0414, 'mrr@80': 0.0415, 'mrr@90': 0.0416, 'mrr@100': 0.0418, 'ndcg@10': 0.043, 'ndcg@20': 0.0491, 'ndcg@30': 0.0532, 'ndcg@40': 0.0568, 'ndcg@50': 0.0596, 'ndcg@60': 0.0619, 'ndcg@70': 0.0641, 'ndcg@80': 0.066, 'ndcg@90': 0.0676, 'ndcg@100': 0.0692}
Mon 18 Apr 2022 14:32:39 INFO  train finished
Mon 18 Apr 2022 14:32:39 INFO  test started
Mon 18 Apr 2022 14:32:40 INFO  
recall@10:0.0617,mrr@10:0.0384,ndcg@10:0.0438
recall@20:0.085,mrr@20:0.04,ndcg@20:0.0497,
recall@30:0.1029,mrr@30:0.0407,ndcg@30:0.0535
recall@40:0.1187,mrr@40:0.0411,ndcg@40:0.0565,
recall@50:0.133,mrr@50:0.0415,ndcg@50:0.0591
recall@60:0.1455,mrr@60:0.0417,ndcg@60:0.0612,
recall@70:0.1585,mrr@70:0.0419,ndcg@70:0.0634
recall@80:0.1704,mrr@80:0.042,ndcg@80:0.0653,
recall@90:0.1804,mrr@90:0.0422,ndcg@90:0.0669
recall@100:0.1899,mrr@100:0.0423,ndcg@100:0.0683 
Mon 18 Apr 2022 14:32:40 INFO  test finished
